<?xml version="1.0" encoding="UTF-8"?>
<!-- Generated by org.testng.reporters.JUnitReportReporter -->
<testsuite name="net.me.test.testcases.TestCase" tests="3" time="0.345" ignored="0" failures="0" timestamp="04 feb 2017 18:14:24 GMT" skipped="0" hostname="zchumager-lap" errors="0">
  <testcase name="testBufferedWriter" time="0.023" classname="net.me.test.testcases.TestCase"/>
  <testcase name="testFileInputStream" time="0.196" classname="net.me.test.testcases.TestCase"/>
  <testcase name="testFileWriter" time="0.126" classname="net.me.test.testcases.TestCase"/>
</testsuite> <!-- net.me.test.testcases.TestCase -->
